<?xml version="1.0" encoding="UTF-8"?>
<!-- Generated by org.testng.reporters.JUnitReportReporter -->
<testsuite hostname="Lenovo" failures="0" tests="4" name="testngtest.TestNGTestCases" time="0.101" errors="0" timestamp="2025-07-05T10:18:26 IST" skipped="1">
  <testcase classname="testngtest.TestNGTestCases" name="loginTestWithDifferentUsers" time="0.058"/>
  <testcase classname="testngtest.TestNGTestCases" name="loginTestWithDifferentUsers" time="0.013"/>
  <testcase classname="testngtest.TestNGTestCases" name="loginTestWithDifferentUsers" time="0.030"/>
  <testcase classname="testngtest.TestNGTestCases" name="test1">
    <skipped/>
  </testcase> <!-- test1 -->
</testsuite> <!-- testngtest.TestNGTestCases -->
