<?xml version="1.0" encoding="UTF-8"?>
<!-- Generated by org.testng.reporters.JUnitReportReporter -->
<testsuite hostname="Lenovo" failures="0" tests="3" name="testngtest.TestNGClass" time="0.042" errors="0" timestamp="2025-07-05T09:27:28 IST" skipped="0">
  <testcase classname="testngtest.TestNGClass" name="test3" time="0.024"/>
  <testcase classname="testngtest.TestNGClass" name="test1" time="0.007"/>
  <testcase classname="testngtest.TestNGClass" name="test2" time="0.011"/>
</testsuite> <!-- testngtest.TestNGClass -->
